<?xml version="1.0" encoding="UTF-8"?>
<!-- Generated by org.testng.reporters.JUnitReportReporter -->
<testsuite hostname="DESKTOP-SK6H54K" name="com.efs.ValidateContactUsTest" tests="4" failures="0" timestamp="7 Jun 2016 15:44:12 GMT" time="116.640" errors="0">
  <testcase name="validEmail" time="12.256" classname="com.efs.ValidateContactUsTest"/>
  <testcase name="validInput" time="20.884" classname="com.efs.ValidateContactUsTest"/>
  <testcase name="Empty" time="36.329" classname="com.efs.ValidateContactUsTest"/>
  <testcase name="validMessage" time="47.171" classname="com.efs.ValidateContactUsTest"/>
</testsuite> <!-- com.efs.ValidateContactUsTest -->
